<?xml version="1.0" encoding="UTF-8"?>
<!-- Generated by org.testng.reporters.JUnitXMLReporter -->
<testsuite hostname="LAPTOP-IHKMVELS" name="Test" tests="1" failures="1" timestamp="16 Oct 2019 00:11:28 GMT" time="17.491" errors="0">
  <testcase name="@AfterTest CloseTC" time="0.0" classname="PracticeProject.PracticeScript">
    <failure type="java.lang.NullPointerException">
      <![CDATA[java.lang.NullPointerException
	at PracticeProject.ReusableMethods.CloseTC(ReusableMethods.java:67)
... Removed 22 stack frames]]>
    </failure>
  </testcase> <!-- @AfterTest CloseTC -->
  <testcase name="LoginErrorMessage" time="11.694" classname="PracticeProject.PracticeScript">
    <failure type="java.lang.NullPointerException">
      <![CDATA[java.lang.NullPointerException
	at PracticeProject.ReusableMethods.enterText(ReusableMethods.java:90)
	at PracticeProject.PracticeScript.LoginErrorMessage(PracticeScript.java:27)
... Removed 24 stack frames]]>
    </failure>
  </testcase> <!-- LoginErrorMessage -->
</testsuite> <!-- Test -->
