<?xml version="1.0" encoding="UTF-8"?>
<testng-results skipped="0" failed="0" total="1" passed="1">
  <reporter-output>
  </reporter-output>
  <suite name="Suite" duration-ms="15432" started-at="2019-10-16T00:48:16Z" finished-at="2019-10-16T00:48:32Z">
    <groups>
    </groups>
    <test name="Test" duration-ms="15432" started-at="2019-10-16T00:48:16Z" finished-at="2019-10-16T00:48:32Z">
      <class name="PracticeProject.PracticeScript">
        <test-method status="PASS" signature="LoginErrorMessage()[pri:0, instance:PracticeProject.PracticeScript@5a01ccaa]" name="LoginErrorMessage" duration-ms="15422" started-at="2019-10-15T20:48:16Z" finished-at="2019-10-15T20:48:32Z">
          <reporter-output>
          </reporter-output>
        </test-method> <!-- LoginErrorMessage -->
      </class> <!-- PracticeProject.PracticeScript -->
    </test> <!-- Test -->
  </suite> <!-- Suite -->
</testng-results>
