<?xml version="1.0" encoding="UTF-8"?>
<testng-results skipped="0" failed="0" total="1" passed="1">
  <reporter-output>
  </reporter-output>
  <suite name="Default suite" duration-ms="31292" started-at="2019-10-29T03:35:14Z" finished-at="2019-10-29T03:35:45Z">
    <groups>
    </groups>
    <test name="Default test" duration-ms="31292" started-at="2019-10-29T03:35:14Z" finished-at="2019-10-29T03:35:45Z">
      <class name="PracticeProject.PracticeScript">
        <test-method status="PASS" signature="LoginErrorMessage()[pri:0, instance:PracticeProject.PracticeScript@2aafb23c]" name="LoginErrorMessage" duration-ms="31271" started-at="2019-10-28T23:35:14Z" finished-at="2019-10-28T23:35:45Z">
          <reporter-output>
          </reporter-output>
        </test-method> <!-- LoginErrorMessage -->
      </class> <!-- PracticeProject.PracticeScript -->
    </test> <!-- Default test -->
  </suite> <!-- Default suite -->
</testng-results>
